<?xml version="1.0" encoding="UTF-8" ?>
<testsuite tests="5" failures="0" name="com.evgo.splitter.UrlParseTest" time="0.06" errors="0" skipped="0">
  <properties>
[...]
</properties>
  <testcase classname="com.evgo.splitter.UrlParseTest" name="parseStateMachineWithoutParams" time="0.003"/>
  <testcase classname="com.evgo.splitter.UrlParseTest" name="parseStateMachine" time="0"/>
  <testcase classname="com.evgo.splitter.UrlParseTest" name="invalidFormat" time="0"/>
  <testcase classname="com.evgo.splitter.UrlParseTest" name="parseRegExp" time="0"/>
  <testcase classname="com.evgo.splitter.UrlParseTest" name="parseStateMachineWithoutPort" time="0"/>
</testsuite>